2018-10-28 23:14:56.090  INFO 9352 --- [main] example.Application                      : Starting Application on MS-20171231KOHV with PID 9352 (started by Administrator in D:\java\INTELLIJ IDEA\springboot)
2018-10-28 23:14:56.178  INFO 9352 --- [main] example.Application                      : The following profiles are active: home
2018-10-28 23:14:57.571  INFO 9352 --- [main] ationConfigEmbeddedWebApplicationContext : Refreshing org.springframework.boot.context.embedded.AnnotationConfigEmbeddedWebApplicationContext@5c6648b0: startup date [Sun Oct 28 23:14:57 GMT+08:00 2018]; root of context hierarchy
2018-10-28 23:14:59.880  INFO 9352 --- [main] .s.d.r.c.RepositoryConfigurationDelegate : Multiple Spring Data modules found, entering strict repository configuration mode!
2018-10-28 23:14:59.992  INFO 9352 --- [main] o.s.b.f.s.DefaultListableBeanFactory     : Overriding bean definition for bean 'propertySourcesPlaceholderConfigurer' with a different definition: replacing [Root bean: class [org.springframework.boot.autoconfigure.context.PropertyPlaceholderAutoConfiguration]; scope=; abstract=false; lazyInit=false; autowireMode=3; dependencyCheck=0; autowireCandidate=true; primary=false; factoryBeanName=null; factoryMethodName=propertySourcesPlaceholderConfigurer; initMethodName=null; destroyMethodName=(inferred); defined in class path resource [org/springframework/boot/autoconfigure/context/PropertyPlaceholderAutoConfiguration.class]] with [Root bean: class [org.springframework.boot.autoconfigure.session.RedisSessionConfiguration$SpringBootRedisHttpSessionConfiguration]; scope=; abstract=false; lazyInit=false; autowireMode=3; dependencyCheck=0; autowireCandidate=true; primary=false; factoryBeanName=null; factoryMethodName=propertySourcesPlaceholderConfigurer; initMethodName=null; destroyMethodName=(inferred); defined in class path resource [org/springframework/boot/autoconfigure/session/RedisSessionConfiguration$SpringBootRedisHttpSessionConfiguration.class]]
2018-10-28 23:15:02.213  INFO 9352 --- [main] org.xnio                                 : XNIO version 3.3.6.Final
2018-10-28 23:15:02.262  INFO 9352 --- [main] org.xnio.nio                             : XNIO NIO Implementation Version 3.3.6.Final
2018-10-28 23:15:02.376  WARN 9352 --- [main] io.undertow.websockets.jsr               : UT026009: XNIO worker was not set on WebSocketDeploymentInfo, the default worker will be used
2018-10-28 23:15:02.377  WARN 9352 --- [main] io.undertow.websockets.jsr               : UT026010: Buffer pool was not set on WebSocketDeploymentInfo, the default pool will be used
2018-10-28 23:15:02.427  INFO 9352 --- [main] io.undertow.servlet                      : Initializing Spring embedded WebApplicationContext
2018-10-28 23:15:02.427  INFO 9352 --- [main] o.s.web.context.ContextLoader            : Root WebApplicationContext: initialization completed in 4861 ms
2018-10-28 23:15:02.919  INFO 9352 --- [main] o.s.b.w.servlet.ServletRegistrationBean  : Mapping servlet: 'dispatcherServlet' to [/]
2018-10-28 23:15:02.950  INFO 9352 --- [main] o.s.b.w.servlet.FilterRegistrationBean   : Mapping filter: 'characterEncodingFilter' to: [/*]
2018-10-28 23:15:02.952  INFO 9352 --- [main] o.s.b.w.servlet.FilterRegistrationBean   : Mapping filter: 'springSessionRepositoryFilter' to: [/*]
2018-10-28 23:15:02.952  INFO 9352 --- [main] o.s.b.w.servlet.FilterRegistrationBean   : Mapping filter: 'hiddenHttpMethodFilter' to: [/*]
2018-10-28 23:15:02.953  INFO 9352 --- [main] o.s.b.w.servlet.FilterRegistrationBean   : Mapping filter: 'httpPutFormContentFilter' to: [/*]
2018-10-28 23:15:02.953  INFO 9352 --- [main] o.s.b.w.servlet.FilterRegistrationBean   : Mapping filter: 'requestContextFilter' to: [/*]
2018-10-28 23:15:02.953  INFO 9352 --- [main] o.s.b.w.servlet.FilterRegistrationBean   : Mapping filter: 'resourceUrlEncodingFilter' to: [/*]
2018-10-28 23:15:05.156  INFO 9352 --- [main] s.w.s.m.m.a.RequestMappingHandlerAdapter : Looking for @ControllerAdvice: org.springframework.boot.context.embedded.AnnotationConfigEmbeddedWebApplicationContext@5c6648b0: startup date [Sun Oct 28 23:14:57 GMT+08:00 2018]; root of context hierarchy
2018-10-28 23:15:05.758  INFO 9352 --- [main] s.w.s.m.m.a.RequestMappingHandlerMapping : Mapped "{[/form]}" onto public java.lang.String example.user.controller.UserController.userList(org.springframework.ui.ModelMap)
2018-10-28 23:15:05.761  INFO 9352 --- [main] s.w.s.m.m.a.RequestMappingHandlerMapping : Mapped "{[/userSubmit]}" onto public java.lang.String example.user.controller.UserController.userSubmit(example.user.entity.User)
2018-10-28 23:15:05.761  INFO 9352 --- [main] s.w.s.m.m.a.RequestMappingHandlerMapping : Mapped "{[/formMultiple]}" onto public java.lang.String example.user.controller.UserController.formMultiple(java.lang.String,java.lang.String,org.springframework.web.multipart.MultipartFile[])
2018-10-28 23:15:05.762  INFO 9352 --- [main] s.w.s.m.m.a.RequestMappingHandlerMapping : Mapped "{[/vue2]}" onto public java.lang.String example.vue2.controller.VueTestController.vue2()
2018-10-28 23:15:05.767  INFO 9352 --- [main] s.w.s.m.m.a.RequestMappingHandlerMapping : Mapped "{[/error]}" onto public org.springframework.http.ResponseEntity<java.util.Map<java.lang.String, java.lang.Object>> org.springframework.boot.autoconfigure.web.BasicErrorController.error(javax.servlet.http.HttpServletRequest)
2018-10-28 23:15:05.778  INFO 9352 --- [main] s.w.s.m.m.a.RequestMappingHandlerMapping : Mapped "{[/error],produces=[text/html]}" onto public org.springframework.web.servlet.ModelAndView org.springframework.boot.autoconfigure.web.BasicErrorController.errorHtml(javax.servlet.http.HttpServletRequest,javax.servlet.http.HttpServletResponse)
2018-10-28 23:15:05.899  INFO 9352 --- [main] o.s.w.s.handler.SimpleUrlHandlerMapping  : Mapped URL path [/webjars/**] onto handler of type [class org.springframework.web.servlet.resource.ResourceHttpRequestHandler]
2018-10-28 23:15:05.900  INFO 9352 --- [main] o.s.w.s.handler.SimpleUrlHandlerMapping  : Mapped URL path [/**] onto handler of type [class org.springframework.web.servlet.resource.ResourceHttpRequestHandler]
2018-10-28 23:15:05.955  INFO 9352 --- [main] o.s.w.s.handler.SimpleUrlHandlerMapping  : Mapped URL path [/**/favicon.ico] onto handler of type [class org.springframework.web.servlet.resource.ResourceHttpRequestHandler]
2018-10-28 23:15:07.652  INFO 9352 --- [main] o.s.j.e.a.AnnotationMBeanExporter        : Registering beans for JMX exposure on startup
2018-10-28 23:15:07.654  INFO 9352 --- [main] o.s.j.e.a.AnnotationMBeanExporter        : Bean with name 'dataSource' has been autodetected for JMX exposure
2018-10-28 23:15:07.660  INFO 9352 --- [main] o.s.j.e.a.AnnotationMBeanExporter        : Located MBean 'dataSource': registering with JMX server as MBean [com.alibaba.druid.pool:name=dataSource,type=DruidDataSource]
2018-10-28 23:15:07.722  INFO 9352 --- [main] o.s.c.support.DefaultLifecycleProcessor  : Starting beans in phase 2147483647
2018-10-28 23:15:07.742  INFO 9352 --- [main] s.a.ScheduledAnnotationBeanPostProcessor : No TaskScheduler/ScheduledExecutorService bean found for scheduled processing
2018-10-28 23:15:07.884  INFO 9352 --- [main] b.c.e.u.UndertowEmbeddedServletContainer : Undertow started on port(s) 8809 (http)
2018-10-28 23:15:07.899  INFO 9352 --- [main] example.Application                      : Started Application in 13.682 seconds (JVM running for 15.489)
2018-10-28 23:16:14.438  INFO 9352 --- [XNIO-2 task-1] io.undertow.servlet                      : Initializing Spring FrameworkServlet 'dispatcherServlet'
2018-10-28 23:16:14.439  INFO 9352 --- [XNIO-2 task-1] o.s.web.servlet.DispatcherServlet        : FrameworkServlet 'dispatcherServlet': initialization started
2018-10-28 23:16:14.479  INFO 9352 --- [XNIO-2 task-1] o.s.web.servlet.DispatcherServlet        : FrameworkServlet 'dispatcherServlet': initialization completed in 40 ms
2019-01-13 20:04:11.710  INFO 12948 --- [main] example.Application                      : Starting Application on MS-20171231KOHV with PID 12948 (started by Administrator in D:\java\INTELLIJ IDEA\springboot_security)
2019-01-13 20:04:11.763  INFO 12948 --- [main] example.Application                      : The following profiles are active: home
2019-01-13 20:04:14.244  INFO 12948 --- [main] ationConfigEmbeddedWebApplicationContext : Refreshing org.springframework.boot.context.embedded.AnnotationConfigEmbeddedWebApplicationContext@95e33cc: startup date [Sun Jan 13 20:04:14 GMT+08:00 2019]; root of context hierarchy
2019-01-13 20:04:16.543  INFO 12948 --- [main] .s.d.r.c.RepositoryConfigurationDelegate : Multiple Spring Data modules found, entering strict repository configuration mode!
2019-01-13 20:04:16.754  INFO 12948 --- [main] o.s.b.f.s.DefaultListableBeanFactory     : Overriding bean definition for bean 'propertySourcesPlaceholderConfigurer' with a different definition: replacing [Root bean: class [org.springframework.boot.autoconfigure.context.PropertyPlaceholderAutoConfiguration]; scope=; abstract=false; lazyInit=false; autowireMode=3; dependencyCheck=0; autowireCandidate=true; primary=false; factoryBeanName=null; factoryMethodName=propertySourcesPlaceholderConfigurer; initMethodName=null; destroyMethodName=(inferred); defined in class path resource [org/springframework/boot/autoconfigure/context/PropertyPlaceholderAutoConfiguration.class]] with [Root bean: class [org.springframework.boot.autoconfigure.session.RedisSessionConfiguration$SpringBootRedisHttpSessionConfiguration]; scope=; abstract=false; lazyInit=false; autowireMode=3; dependencyCheck=0; autowireCandidate=true; primary=false; factoryBeanName=null; factoryMethodName=propertySourcesPlaceholderConfigurer; initMethodName=null; destroyMethodName=(inferred); defined in class path resource [org/springframework/boot/autoconfigure/session/RedisSessionConfiguration$SpringBootRedisHttpSessionConfiguration.class]]
2019-01-13 20:04:19.429  INFO 12948 --- [main] org.xnio                                 : XNIO version 3.3.6.Final
2019-01-13 20:04:19.465  INFO 12948 --- [main] org.xnio.nio                             : XNIO NIO Implementation Version 3.3.6.Final
2019-01-13 20:04:19.705  WARN 12948 --- [main] io.undertow.websockets.jsr               : UT026009: XNIO worker was not set on WebSocketDeploymentInfo, the default worker will be used
2019-01-13 20:04:19.705  WARN 12948 --- [main] io.undertow.websockets.jsr               : UT026010: Buffer pool was not set on WebSocketDeploymentInfo, the default pool will be used
2019-01-13 20:04:19.821  INFO 12948 --- [main] io.undertow.servlet                      : Initializing Spring embedded WebApplicationContext
2019-01-13 20:04:19.822  INFO 12948 --- [main] o.s.web.context.ContextLoader            : Root WebApplicationContext: initialization completed in 5597 ms
2019-01-13 20:04:20.443  INFO 12948 --- [main] o.s.b.w.servlet.FilterRegistrationBean   : Mapping filter: 'characterEncodingFilter' to: [/*]
2019-01-13 20:04:20.453  INFO 12948 --- [main] o.s.b.w.servlet.FilterRegistrationBean   : Mapping filter: 'springSessionRepositoryFilter' to: [/*]
2019-01-13 20:04:20.454  INFO 12948 --- [main] o.s.b.w.servlet.FilterRegistrationBean   : Mapping filter: 'hiddenHttpMethodFilter' to: [/*]
2019-01-13 20:04:20.454  INFO 12948 --- [main] o.s.b.w.servlet.FilterRegistrationBean   : Mapping filter: 'httpPutFormContentFilter' to: [/*]
2019-01-13 20:04:20.454  INFO 12948 --- [main] o.s.b.w.servlet.FilterRegistrationBean   : Mapping filter: 'requestContextFilter' to: [/*]
2019-01-13 20:04:20.456  INFO 12948 --- [main] .s.DelegatingFilterProxyRegistrationBean : Mapping filter: 'springSecurityFilterChain' to: [/*]
2019-01-13 20:04:20.456  INFO 12948 --- [main] o.s.b.w.servlet.FilterRegistrationBean   : Mapping filter: 'resourceUrlEncodingFilter' to: [/*]
2019-01-13 20:04:20.456  INFO 12948 --- [main] o.s.b.w.servlet.ServletRegistrationBean  : Mapping servlet: 'dispatcherServlet' to [/]
2019-01-13 20:04:23.078  INFO 12948 --- [main] o.s.s.web.DefaultSecurityFilterChain     : Creating filter chain: org.springframework.security.web.util.matcher.AnyRequestMatcher@1, [org.springframework.security.web.context.request.async.WebAsyncManagerIntegrationFilter@3d512652, org.springframework.security.web.context.SecurityContextPersistenceFilter@18c7f6b5, org.springframework.security.web.header.HeaderWriterFilter@1c68d0db, org.springframework.security.web.csrf.CsrfFilter@675ec28b, org.springframework.security.web.authentication.logout.LogoutFilter@13d289c7, org.springframework.security.web.authentication.UsernamePasswordAuthenticationFilter@796c68bf, org.springframework.security.web.savedrequest.RequestCacheAwareFilter@3af36922, org.springframework.security.web.servletapi.SecurityContextHolderAwareRequestFilter@38f617f4, org.springframework.security.web.authentication.AnonymousAuthenticationFilter@2c2e3460, org.springframework.security.web.session.SessionManagementFilter@91a2543, org.springframework.security.web.access.ExceptionTranslationFilter@4438938e, org.springframework.security.web.access.intercept.FilterSecurityInterceptor@63485d7]
2019-01-13 20:04:24.219  INFO 12948 --- [main] s.w.s.m.m.a.RequestMappingHandlerAdapter : Looking for @ControllerAdvice: org.springframework.boot.context.embedded.AnnotationConfigEmbeddedWebApplicationContext@95e33cc: startup date [Sun Jan 13 20:04:14 GMT+08:00 2019]; root of context hierarchy
2019-01-13 20:04:24.351  INFO 12948 --- [main] s.w.s.m.m.a.RequestMappingHandlerMapping : Mapped "{[/test]}" onto public java.lang.String example.user.controller.UserController.test(org.springframework.ui.ModelMap)
2019-01-13 20:04:24.354  INFO 12948 --- [main] s.w.s.m.m.a.RequestMappingHandlerMapping : Mapped "{[/formMultiple]}" onto public java.lang.String example.user.controller.UserController.formMultiple(java.lang.String,java.lang.String,org.springframework.web.multipart.MultipartFile[])
2019-01-13 20:04:24.354  INFO 12948 --- [main] s.w.s.m.m.a.RequestMappingHandlerMapping : Mapped "{[/base/sys/login]}" onto public java.lang.String example.user.controller.UserController.userList(org.springframework.ui.ModelMap)
2019-01-13 20:04:24.355  INFO 12948 --- [main] s.w.s.m.m.a.RequestMappingHandlerMapping : Mapped "{[/userSubmit]}" onto public java.lang.String example.user.controller.UserController.userSubmit(example.user.entity.User)
2019-01-13 20:04:24.358  INFO 12948 --- [main] s.w.s.m.m.a.RequestMappingHandlerMapping : Mapped "{[/error]}" onto public org.springframework.http.ResponseEntity<java.util.Map<java.lang.String, java.lang.Object>> org.springframework.boot.autoconfigure.web.BasicErrorController.error(javax.servlet.http.HttpServletRequest)
2019-01-13 20:04:24.358  INFO 12948 --- [main] s.w.s.m.m.a.RequestMappingHandlerMapping : Mapped "{[/error],produces=[text/html]}" onto public org.springframework.web.servlet.ModelAndView org.springframework.boot.autoconfigure.web.BasicErrorController.errorHtml(javax.servlet.http.HttpServletRequest,javax.servlet.http.HttpServletResponse)
2019-01-13 20:04:24.464  INFO 12948 --- [main] o.s.w.s.handler.SimpleUrlHandlerMapping  : Mapped URL path [/webjars/**] onto handler of type [class org.springframework.web.servlet.resource.ResourceHttpRequestHandler]
2019-01-13 20:04:24.464  INFO 12948 --- [main] o.s.w.s.handler.SimpleUrlHandlerMapping  : Mapped URL path [/**] onto handler of type [class org.springframework.web.servlet.resource.ResourceHttpRequestHandler]
2019-01-13 20:04:24.541  INFO 12948 --- [main] o.s.w.s.handler.SimpleUrlHandlerMapping  : Mapped URL path [/**/favicon.ico] onto handler of type [class org.springframework.web.servlet.resource.ResourceHttpRequestHandler]
2019-01-13 20:04:26.808  INFO 12948 --- [main] o.s.j.e.a.AnnotationMBeanExporter        : Registering beans for JMX exposure on startup
2019-01-13 20:04:26.811  INFO 12948 --- [main] o.s.j.e.a.AnnotationMBeanExporter        : Bean with name 'dataSource' has been autodetected for JMX exposure
2019-01-13 20:04:26.819  INFO 12948 --- [main] o.s.j.e.a.AnnotationMBeanExporter        : Located MBean 'dataSource': registering with JMX server as MBean [com.alibaba.druid.pool:name=dataSource,type=DruidDataSource]
2019-01-13 20:04:26.945  INFO 12948 --- [main] o.s.c.support.DefaultLifecycleProcessor  : Starting beans in phase 2147483647
2019-01-13 20:04:27.014  INFO 12948 --- [main] s.a.ScheduledAnnotationBeanPostProcessor : No TaskScheduler/ScheduledExecutorService bean found for scheduled processing
2019-01-13 20:04:27.176  INFO 12948 --- [main] b.c.e.u.UndertowEmbeddedServletContainer : Undertow started on port(s) 8809 (http)
2019-01-13 20:04:27.188  INFO 12948 --- [main] example.Application                      : Started Application in 18.312 seconds (JVM running for 25.371)
2019-01-13 20:05:41.391  INFO 13304 --- [main] example.Application                      : Starting Application on MS-20171231KOHV with PID 13304 (started by Administrator in D:\java\INTELLIJ IDEA\springboot_security)
2019-01-13 20:05:41.396  INFO 13304 --- [main] example.Application                      : The following profiles are active: home
2019-01-13 20:05:41.897  INFO 13304 --- [main] ationConfigEmbeddedWebApplicationContext : Refreshing org.springframework.boot.context.embedded.AnnotationConfigEmbeddedWebApplicationContext@95e33cc: startup date [Sun Jan 13 20:05:41 GMT+08:00 2019]; root of context hierarchy
2019-01-13 20:05:43.552  INFO 13304 --- [main] .s.d.r.c.RepositoryConfigurationDelegate : Multiple Spring Data modules found, entering strict repository configuration mode!
2019-01-13 20:05:43.641  INFO 13304 --- [main] o.s.b.f.s.DefaultListableBeanFactory     : Overriding bean definition for bean 'propertySourcesPlaceholderConfigurer' with a different definition: replacing [Root bean: class [org.springframework.boot.autoconfigure.context.PropertyPlaceholderAutoConfiguration]; scope=; abstract=false; lazyInit=false; autowireMode=3; dependencyCheck=0; autowireCandidate=true; primary=false; factoryBeanName=null; factoryMethodName=propertySourcesPlaceholderConfigurer; initMethodName=null; destroyMethodName=(inferred); defined in class path resource [org/springframework/boot/autoconfigure/context/PropertyPlaceholderAutoConfiguration.class]] with [Root bean: class [org.springframework.boot.autoconfigure.session.RedisSessionConfiguration$SpringBootRedisHttpSessionConfiguration]; scope=; abstract=false; lazyInit=false; autowireMode=3; dependencyCheck=0; autowireCandidate=true; primary=false; factoryBeanName=null; factoryMethodName=propertySourcesPlaceholderConfigurer; initMethodName=null; destroyMethodName=(inferred); defined in class path resource [org/springframework/boot/autoconfigure/session/RedisSessionConfiguration$SpringBootRedisHttpSessionConfiguration.class]]
2019-01-13 20:05:45.090  INFO 13304 --- [main] org.xnio                                 : XNIO version 3.3.6.Final
2019-01-13 20:05:45.126  INFO 13304 --- [main] org.xnio.nio                             : XNIO NIO Implementation Version 3.3.6.Final
2019-01-13 20:05:45.238  WARN 13304 --- [main] io.undertow.websockets.jsr               : UT026009: XNIO worker was not set on WebSocketDeploymentInfo, the default worker will be used
2019-01-13 20:05:45.239  WARN 13304 --- [main] io.undertow.websockets.jsr               : UT026010: Buffer pool was not set on WebSocketDeploymentInfo, the default pool will be used
2019-01-13 20:05:45.288  INFO 13304 --- [main] io.undertow.servlet                      : Initializing Spring embedded WebApplicationContext
2019-01-13 20:05:45.289  INFO 13304 --- [main] o.s.web.context.ContextLoader            : Root WebApplicationContext: initialization completed in 3396 ms
2019-01-13 20:05:45.825  INFO 13304 --- [main] o.s.b.w.servlet.FilterRegistrationBean   : Mapping filter: 'characterEncodingFilter' to: [/*]
2019-01-13 20:05:45.827  INFO 13304 --- [main] o.s.b.w.servlet.FilterRegistrationBean   : Mapping filter: 'springSessionRepositoryFilter' to: [/*]
2019-01-13 20:05:45.827  INFO 13304 --- [main] o.s.b.w.servlet.FilterRegistrationBean   : Mapping filter: 'hiddenHttpMethodFilter' to: [/*]
2019-01-13 20:05:45.827  INFO 13304 --- [main] o.s.b.w.servlet.FilterRegistrationBean   : Mapping filter: 'httpPutFormContentFilter' to: [/*]
2019-01-13 20:05:45.827  INFO 13304 --- [main] o.s.b.w.servlet.FilterRegistrationBean   : Mapping filter: 'requestContextFilter' to: [/*]
2019-01-13 20:05:45.829  INFO 13304 --- [main] .s.DelegatingFilterProxyRegistrationBean : Mapping filter: 'springSecurityFilterChain' to: [/*]
2019-01-13 20:05:45.830  INFO 13304 --- [main] o.s.b.w.servlet.FilterRegistrationBean   : Mapping filter: 'resourceUrlEncodingFilter' to: [/*]
2019-01-13 20:05:45.830  INFO 13304 --- [main] o.s.b.w.servlet.ServletRegistrationBean  : Mapping servlet: 'dispatcherServlet' to [/]
2019-01-13 20:05:47.710  INFO 13304 --- [main] o.s.s.web.DefaultSecurityFilterChain     : Creating filter chain: org.springframework.security.web.util.matcher.AnyRequestMatcher@1, [org.springframework.security.web.context.request.async.WebAsyncManagerIntegrationFilter@2c99c8d, org.springframework.security.web.context.SecurityContextPersistenceFilter@69a373fd, org.springframework.security.web.header.HeaderWriterFilter@2424cb9d, org.springframework.security.web.csrf.CsrfFilter@7523d5a1, org.springframework.security.web.authentication.logout.LogoutFilter@79f5a6ed, org.springframework.security.web.authentication.UsernamePasswordAuthenticationFilter@32da97fd, org.springframework.security.web.savedrequest.RequestCacheAwareFilter@6735f210, org.springframework.security.web.servletapi.SecurityContextHolderAwareRequestFilter@1ccc1026, org.springframework.security.web.authentication.AnonymousAuthenticationFilter@59d6642a, org.springframework.security.web.session.SessionManagementFilter@6fb22ae3, org.springframework.security.web.access.ExceptionTranslationFilter@45eab322, org.springframework.security.web.access.intercept.FilterSecurityInterceptor@65d9e72a]
2019-01-13 20:05:48.149  INFO 13304 --- [main] s.w.s.m.m.a.RequestMappingHandlerAdapter : Looking for @ControllerAdvice: org.springframework.boot.context.embedded.AnnotationConfigEmbeddedWebApplicationContext@95e33cc: startup date [Sun Jan 13 20:05:41 GMT+08:00 2019]; root of context hierarchy
2019-01-13 20:05:48.266  INFO 13304 --- [main] s.w.s.m.m.a.RequestMappingHandlerMapping : Mapped "{[/test]}" onto public java.lang.String example.user.controller.UserController.test(org.springframework.ui.ModelMap)
2019-01-13 20:05:48.268  INFO 13304 --- [main] s.w.s.m.m.a.RequestMappingHandlerMapping : Mapped "{[/base/sys/login]}" onto public java.lang.String example.user.controller.UserController.userList(org.springframework.ui.ModelMap)
2019-01-13 20:05:48.269  INFO 13304 --- [main] s.w.s.m.m.a.RequestMappingHandlerMapping : Mapped "{[/formMultiple]}" onto public java.lang.String example.user.controller.UserController.formMultiple(java.lang.String,java.lang.String,org.springframework.web.multipart.MultipartFile[])
2019-01-13 20:05:48.269  INFO 13304 --- [main] s.w.s.m.m.a.RequestMappingHandlerMapping : Mapped "{[/userSubmit]}" onto public java.lang.String example.user.controller.UserController.userSubmit(example.user.entity.User)
2019-01-13 20:05:48.272  INFO 13304 --- [main] s.w.s.m.m.a.RequestMappingHandlerMapping : Mapped "{[/error]}" onto public org.springframework.http.ResponseEntity<java.util.Map<java.lang.String, java.lang.Object>> org.springframework.boot.autoconfigure.web.BasicErrorController.error(javax.servlet.http.HttpServletRequest)
2019-01-13 20:05:48.273  INFO 13304 --- [main] s.w.s.m.m.a.RequestMappingHandlerMapping : Mapped "{[/error],produces=[text/html]}" onto public org.springframework.web.servlet.ModelAndView org.springframework.boot.autoconfigure.web.BasicErrorController.errorHtml(javax.servlet.http.HttpServletRequest,javax.servlet.http.HttpServletResponse)
2019-01-13 20:05:48.349  INFO 13304 --- [main] o.s.w.s.handler.SimpleUrlHandlerMapping  : Mapped URL path [/webjars/**] onto handler of type [class org.springframework.web.servlet.resource.ResourceHttpRequestHandler]
2019-01-13 20:05:48.350  INFO 13304 --- [main] o.s.w.s.handler.SimpleUrlHandlerMapping  : Mapped URL path [/**] onto handler of type [class org.springframework.web.servlet.resource.ResourceHttpRequestHandler]
2019-01-13 20:05:48.425  INFO 13304 --- [main] o.s.w.s.handler.SimpleUrlHandlerMapping  : Mapped URL path [/**/favicon.ico] onto handler of type [class org.springframework.web.servlet.resource.ResourceHttpRequestHandler]
2019-01-13 20:05:49.812  INFO 13304 --- [main] o.s.j.e.a.AnnotationMBeanExporter        : Registering beans for JMX exposure on startup
2019-01-13 20:05:49.820  INFO 13304 --- [main] o.s.j.e.a.AnnotationMBeanExporter        : Bean with name 'dataSource' has been autodetected for JMX exposure
2019-01-13 20:05:49.829  INFO 13304 --- [main] o.s.j.e.a.AnnotationMBeanExporter        : Located MBean 'dataSource': registering with JMX server as MBean [com.alibaba.druid.pool:name=dataSource,type=DruidDataSource]
2019-01-13 20:05:49.836  INFO 13304 --- [main] o.s.c.support.DefaultLifecycleProcessor  : Starting beans in phase 2147483647
2019-01-13 20:05:49.853  INFO 13304 --- [main] s.a.ScheduledAnnotationBeanPostProcessor : No TaskScheduler/ScheduledExecutorService bean found for scheduled processing
2019-01-13 20:05:49.959  INFO 13304 --- [main] b.c.e.u.UndertowEmbeddedServletContainer : Undertow started on port(s) 8809 (http)
2019-01-13 20:05:49.968  INFO 13304 --- [main] example.Application                      : Started Application in 9.604 seconds (JVM running for 10.442)
2019-01-13 20:07:23.223  INFO 13304 --- [XNIO-2 task-2] io.undertow.servlet                      : Initializing Spring FrameworkServlet 'dispatcherServlet'
2019-01-13 20:07:23.224  INFO 13304 --- [XNIO-2 task-2] o.s.web.servlet.DispatcherServlet        : FrameworkServlet 'dispatcherServlet': initialization started
2019-01-13 20:07:23.262  INFO 13304 --- [XNIO-2 task-2] o.s.web.servlet.DispatcherServlet        : FrameworkServlet 'dispatcherServlet': initialization completed in 38 ms
2019-01-13 20:09:19.276  INFO 13268 --- [main] example.Application                      : Starting Application on MS-20171231KOHV with PID 13268 (started by Administrator in D:\java\INTELLIJ IDEA\springboot_security)
2019-01-13 20:09:19.281  INFO 13268 --- [main] example.Application                      : The following profiles are active: home
2019-01-13 20:09:19.967  INFO 13268 --- [main] ationConfigEmbeddedWebApplicationContext : Refreshing org.springframework.boot.context.embedded.AnnotationConfigEmbeddedWebApplicationContext@95e33cc: startup date [Sun Jan 13 20:09:19 GMT+08:00 2019]; root of context hierarchy
2019-01-13 20:09:21.747  INFO 13268 --- [main] .s.d.r.c.RepositoryConfigurationDelegate : Multiple Spring Data modules found, entering strict repository configuration mode!
2019-01-13 20:09:21.858  INFO 13268 --- [main] o.s.b.f.s.DefaultListableBeanFactory     : Overriding bean definition for bean 'propertySourcesPlaceholderConfigurer' with a different definition: replacing [Root bean: class [org.springframework.boot.autoconfigure.context.PropertyPlaceholderAutoConfiguration]; scope=; abstract=false; lazyInit=false; autowireMode=3; dependencyCheck=0; autowireCandidate=true; primary=false; factoryBeanName=null; factoryMethodName=propertySourcesPlaceholderConfigurer; initMethodName=null; destroyMethodName=(inferred); defined in class path resource [org/springframework/boot/autoconfigure/context/PropertyPlaceholderAutoConfiguration.class]] with [Root bean: class [org.springframework.boot.autoconfigure.session.RedisSessionConfiguration$SpringBootRedisHttpSessionConfiguration]; scope=; abstract=false; lazyInit=false; autowireMode=3; dependencyCheck=0; autowireCandidate=true; primary=false; factoryBeanName=null; factoryMethodName=propertySourcesPlaceholderConfigurer; initMethodName=null; destroyMethodName=(inferred); defined in class path resource [org/springframework/boot/autoconfigure/session/RedisSessionConfiguration$SpringBootRedisHttpSessionConfiguration.class]]
2019-01-13 20:09:23.381  INFO 13268 --- [main] org.xnio                                 : XNIO version 3.3.6.Final
2019-01-13 20:09:23.418  INFO 13268 --- [main] org.xnio.nio                             : XNIO NIO Implementation Version 3.3.6.Final
2019-01-13 20:09:23.593  WARN 13268 --- [main] io.undertow.websockets.jsr               : UT026009: XNIO worker was not set on WebSocketDeploymentInfo, the default worker will be used
2019-01-13 20:09:23.593  WARN 13268 --- [main] io.undertow.websockets.jsr               : UT026010: Buffer pool was not set on WebSocketDeploymentInfo, the default pool will be used
2019-01-13 20:09:23.633  INFO 13268 --- [main] io.undertow.servlet                      : Initializing Spring embedded WebApplicationContext
2019-01-13 20:09:23.634  INFO 13268 --- [main] o.s.web.context.ContextLoader            : Root WebApplicationContext: initialization completed in 3672 ms
2019-01-13 20:09:24.152  INFO 13268 --- [main] o.s.b.w.servlet.FilterRegistrationBean   : Mapping filter: 'characterEncodingFilter' to: [/*]
2019-01-13 20:09:24.154  INFO 13268 --- [main] o.s.b.w.servlet.FilterRegistrationBean   : Mapping filter: 'springSessionRepositoryFilter' to: [/*]
2019-01-13 20:09:24.154  INFO 13268 --- [main] o.s.b.w.servlet.FilterRegistrationBean   : Mapping filter: 'hiddenHttpMethodFilter' to: [/*]
2019-01-13 20:09:24.155  INFO 13268 --- [main] o.s.b.w.servlet.FilterRegistrationBean   : Mapping filter: 'httpPutFormContentFilter' to: [/*]
2019-01-13 20:09:24.155  INFO 13268 --- [main] o.s.b.w.servlet.FilterRegistrationBean   : Mapping filter: 'requestContextFilter' to: [/*]
2019-01-13 20:09:24.157  INFO 13268 --- [main] .s.DelegatingFilterProxyRegistrationBean : Mapping filter: 'springSecurityFilterChain' to: [/*]
2019-01-13 20:09:24.157  INFO 13268 --- [main] o.s.b.w.servlet.FilterRegistrationBean   : Mapping filter: 'resourceUrlEncodingFilter' to: [/*]
2019-01-13 20:09:24.157  INFO 13268 --- [main] o.s.b.w.servlet.ServletRegistrationBean  : Mapping servlet: 'dispatcherServlet' to [/]
2019-01-13 20:09:25.800  INFO 13268 --- [main] o.s.s.web.DefaultSecurityFilterChain     : Creating filter chain: org.springframework.security.web.util.matcher.AnyRequestMatcher@1, [org.springframework.security.web.context.request.async.WebAsyncManagerIntegrationFilter@590013c7, org.springframework.security.web.context.SecurityContextPersistenceFilter@643f6179, org.springframework.security.web.header.HeaderWriterFilter@20b829d5, org.springframework.security.web.csrf.CsrfFilter@25a290ee, org.springframework.security.web.authentication.logout.LogoutFilter@dd737ea, org.springframework.security.web.authentication.UsernamePasswordAuthenticationFilter@4d25f816, org.springframework.security.web.savedrequest.RequestCacheAwareFilter@328e4ec2, org.springframework.security.web.servletapi.SecurityContextHolderAwareRequestFilter@2b458cd6, org.springframework.security.web.authentication.AnonymousAuthenticationFilter@64f32e9e, org.springframework.security.web.session.SessionManagementFilter@4baf997, org.springframework.security.web.access.ExceptionTranslationFilter@100d0218, org.springframework.security.web.access.intercept.FilterSecurityInterceptor@aca2fc3]
2019-01-13 20:09:26.219  INFO 13268 --- [main] s.w.s.m.m.a.RequestMappingHandlerAdapter : Looking for @ControllerAdvice: org.springframework.boot.context.embedded.AnnotationConfigEmbeddedWebApplicationContext@95e33cc: startup date [Sun Jan 13 20:09:19 GMT+08:00 2019]; root of context hierarchy
2019-01-13 20:09:26.338  INFO 13268 --- [main] s.w.s.m.m.a.RequestMappingHandlerMapping : Mapped "{[/test]}" onto public java.lang.String example.user.controller.UserController.test(org.springframework.ui.ModelMap)
2019-01-13 20:09:26.341  INFO 13268 --- [main] s.w.s.m.m.a.RequestMappingHandlerMapping : Mapped "{[/userSubmit]}" onto public java.lang.String example.user.controller.UserController.userSubmit(example.user.entity.User)
2019-01-13 20:09:26.342  INFO 13268 --- [main] s.w.s.m.m.a.RequestMappingHandlerMapping : Mapped "{[/formMultiple]}" onto public java.lang.String example.user.controller.UserController.formMultiple(java.lang.String,java.lang.String,org.springframework.web.multipart.MultipartFile[])
2019-01-13 20:09:26.343  INFO 13268 --- [main] s.w.s.m.m.a.RequestMappingHandlerMapping : Mapped "{[/base/sys/login]}" onto public java.lang.String example.user.controller.UserController.userList(org.springframework.ui.ModelMap)
2019-01-13 20:09:26.346  INFO 13268 --- [main] s.w.s.m.m.a.RequestMappingHandlerMapping : Mapped "{[/error]}" onto public org.springframework.http.ResponseEntity<java.util.Map<java.lang.String, java.lang.Object>> org.springframework.boot.autoconfigure.web.BasicErrorController.error(javax.servlet.http.HttpServletRequest)
2019-01-13 20:09:26.347  INFO 13268 --- [main] s.w.s.m.m.a.RequestMappingHandlerMapping : Mapped "{[/error],produces=[text/html]}" onto public org.springframework.web.servlet.ModelAndView org.springframework.boot.autoconfigure.web.BasicErrorController.errorHtml(javax.servlet.http.HttpServletRequest,javax.servlet.http.HttpServletResponse)
2019-01-13 20:09:26.416  INFO 13268 --- [main] o.s.w.s.handler.SimpleUrlHandlerMapping  : Mapped URL path [/webjars/**] onto handler of type [class org.springframework.web.servlet.resource.ResourceHttpRequestHandler]
2019-01-13 20:09:26.417  INFO 13268 --- [main] o.s.w.s.handler.SimpleUrlHandlerMapping  : Mapped URL path [/**] onto handler of type [class org.springframework.web.servlet.resource.ResourceHttpRequestHandler]
2019-01-13 20:09:26.534  INFO 13268 --- [main] o.s.w.s.handler.SimpleUrlHandlerMapping  : Mapped URL path [/**/favicon.ico] onto handler of type [class org.springframework.web.servlet.resource.ResourceHttpRequestHandler]
2019-01-13 20:09:28.059  INFO 13268 --- [main] o.s.j.e.a.AnnotationMBeanExporter        : Registering beans for JMX exposure on startup
2019-01-13 20:09:28.068  INFO 13268 --- [main] o.s.j.e.a.AnnotationMBeanExporter        : Bean with name 'dataSource' has been autodetected for JMX exposure
2019-01-13 20:09:28.077  INFO 13268 --- [main] o.s.j.e.a.AnnotationMBeanExporter        : Located MBean 'dataSource': registering with JMX server as MBean [com.alibaba.druid.pool:name=dataSource,type=DruidDataSource]
2019-01-13 20:09:28.084  INFO 13268 --- [main] o.s.c.support.DefaultLifecycleProcessor  : Starting beans in phase 2147483647
2019-01-13 20:09:28.118  INFO 13268 --- [main] s.a.ScheduledAnnotationBeanPostProcessor : No TaskScheduler/ScheduledExecutorService bean found for scheduled processing
2019-01-13 20:09:28.275  INFO 13268 --- [main] b.c.e.u.UndertowEmbeddedServletContainer : Undertow started on port(s) 8809 (http)
2019-01-13 20:09:28.291  INFO 13268 --- [main] example.Application                      : Started Application in 9.898 seconds (JVM running for 10.787)
2019-01-13 20:09:34.256  INFO 13268 --- [XNIO-2 task-2] io.undertow.servlet                      : Initializing Spring FrameworkServlet 'dispatcherServlet'
2019-01-13 20:09:34.256  INFO 13268 --- [XNIO-2 task-2] o.s.web.servlet.DispatcherServlet        : FrameworkServlet 'dispatcherServlet': initialization started
2019-01-13 20:09:34.278  INFO 13268 --- [XNIO-2 task-2] o.s.web.servlet.DispatcherServlet        : FrameworkServlet 'dispatcherServlet': initialization completed in 22 ms
